<?xml version='1.0' encoding='UTF-8'?>
<testsuite hostname="Maschinederlain" name="TestHashTabel" tests="1" errors="0" failures="1" skipped="0" time="2.276" timestamp="2023-07-07T10:59:21">
          <properties>
[...]
</properties>
          <testcase classname="TestHashTabel" name="HashTable should work" time="2.276">
                      <failure message="io_out_ok=0 (0x0) did not equal expected=1 (0x1) (lines in test.scala: 19)" type="org.scalatest.exceptions.TestFailedException">org.scalatest.exceptions.TestFailedException: io_out_ok=0 (0x0) did not equal expected=1 (0x1) (lines in test.scala: 19)
	at chiseltest.internal.TestEnvInterface.signalExpectFailure(TestEnvInterface.scala:58)
	at chiseltest.internal.TestEnvInterface.signalExpectFailure$(TestEnvInterface.scala:45)
	at TestHashTabel.signalExpectFailure(test.scala:17)
	at chiseltest.package$Utils$.expectFailed(package.scala:505)
	at chiseltest.package$Utils$.expectBits(package.scala:496)
	at chiseltest.package$testableUInt.expectInternal(package.scala:55)
	at chiseltest.package$testableUInt.expect(package.scala:57)
	at TestHashTabel.$anonfun$new$3(test.scala:23)
	at TestHashTabel.$anonfun$new$3$adapted(test.scala:19)
	at chiseltest.internal.GenericBackend.$anonfun$run$1(GenericBackend.scala:151)
	at chiseltest.internal.ThreadedBackend$TesterThread$$anon$1.$anonfun$run$1(ThreadedBackend.scala:495)
	at chiseltest.internal.GenericBackend.doTimescope(GenericBackend.scala:96)
	at chiseltest.internal.ThreadedBackend$TesterThread$$anon$1.run(ThreadedBackend.scala:495)
	at java.lang.Thread.run(Thread.java:750)
Caused by: chiseltest.internal.FailedExpectException: io_out_ok=0 (0x0) did not equal expected=1 (0x1) (lines in test.scala: 19)
	... 14 more
</failure>
                    </testcase>
          <system-out><![CDATA[]]></system-out>
          <system-err><![CDATA[]]></system-err>
        </testsuite>