<?xml version='1.0' encoding='UTF-8'?>
<testsuite hostname="Maschinederlain" name="TestHashTabel" tests="1" errors="0" failures="1" skipped="0" time="2.276" timestamp="2023-07-07T10:59:21">
          <properties>
      <property name="jline.esc.timeout" value="0"/><property name="jna.platform.library.path" value="/usr/lib/x86_64-linux-gnu:/lib/x86_64-linux-gnu:/usr/lib64:/lib64:/usr/lib:/lib:/lib32:/usr/lib/wsl/lib"/><property name="java.runtime.name" value="OpenJDK Runtime Environment"/><property name="sun.boot.library.path" value="/usr/lib/jvm/java-8-openjdk-amd64/jre/lib/amd64"/><property name="java.vm.version" value="25.362-b09"/><property name="java.vm.vendor" value="Private Build"/><property name="java.vendor.url" value="http://java.oracle.com/"/><property name="path.separator" value=":"/><property name="jna.loaded" value="true"/><property name="java.vm.name" value="OpenJDK 64-Bit Server VM"/><property name="file.encoding.pkg" value="sun.io"/><property name="sun.java.launcher" value="SUN_STANDARD"/><property name="sun.os.patch.level" value="unknown"/><property name="jna.nosys" value="true"/><property name="java.vm.specification.name" value="Java Virtual Machine Specification"/><property name="user.dir" value="/home/lain/document/test/samplesbt"/><property name="java.runtime.version" value="1.8.0_362-8u372-ga~us1-0ubuntu1~22.04-b09"/><property name="java.awt.graphicsenv" value="sun.awt.X11GraphicsEnvironment"/><property name="java.endorsed.dirs" value="/usr/lib/jvm/java-8-openjdk-amd64/jre/lib/endorsed"/><property name="os.arch" value="amd64"/><property name="java.io.tmpdir" value="/tmp"/><property name="line.separator" value="
"/><property name="java.vm.specification.vendor" value="Oracle Corporation"/><property name="log4j.ignoreTCL" value="true"/><property name="os.name" value="Linux"/><property name="sun.jnu.encoding" value="UTF-8"/><property name="jnidispatch.path" value="/home/lain/.cache/JNA/temp/jna1980473556138424255.tmp"/><property name="java.library.path" value="/usr/java/packages/lib/amd64:/usr/lib/x86_64-linux-gnu/jni:/lib/x86_64-linux-gnu:/usr/lib/x86_64-linux-gnu:/usr/lib/jni:/lib:/usr/lib"/><property name="java.specification.name" value="Java Platform API Specification"/><property name="java.class.version" value="52.0"/><property name="sbt.ipcsocket.tmpdir" value="/mnt/wslg/runtime-dir/.sbtd39c6635/ipcsocket"/><property name="sun.management.compiler" value="HotSpot 64-Bit Tiered Compilers"/><property name="os.version" value="5.15.90.1-microsoft-standard-WSL2"/><property name="swoval.tmpdir" value="/mnt/wslg/runtime-dir/.sbtd39c6635/swoval"/><property name="user.home" value="/home/lain"/><property name="sbt.override.build.repos" value="true"/><property name="user.timezone" value="Asia/Shanghai"/><property name="java.awt.printerjob" value="sun.print.PSPrinterJob"/><property name="file.encoding" value="UTF-8"/><property name="java.specification.version" value="1.8"/><property name="java.class.path" value="/home/lain/.cache/sbt/boot/sbt-launch/1.9.1/sbt-launch-1.9.1.jar"/><property name="user.name" value="lain"/><property name="jline.shutdownhook" value="false"/><property name="java.vm.specification.version" value="1.8"/><property name="sun.java.command" value="/home/lain/.cache/sbt/boot/sbt-launch/1.9.1/sbt-launch-1.9.1.jar"/><property name="java.home" value="/usr/lib/jvm/java-8-openjdk-amd64/jre"/><property name="sun.arch.data.model" value="64"/><property name="user.language" value="en"/><property name="java.specification.vendor" value="Oracle Corporation"/><property name="awt.toolkit" value="sun.awt.X11.XToolkit"/><property name="java.vm.info" value="mixed mode"/><property name="java.version" value="1.8.0_362"/><property name="java.ext.dirs" value="/usr/lib/jvm/java-8-openjdk-amd64/jre/lib/ext:/usr/java/packages/lib/ext"/><property name="sun.boot.class.path" value="/usr/lib/jvm/java-8-openjdk-amd64/jre/lib/resources.jar:/usr/lib/jvm/java-8-openjdk-amd64/jre/lib/rt.jar:/usr/lib/jvm/java-8-openjdk-amd64/jre/lib/sunrsasign.jar:/usr/lib/jvm/java-8-openjdk-amd64/jre/lib/jsse.jar:/usr/lib/jvm/java-8-openjdk-amd64/jre/lib/jce.jar:/usr/lib/jvm/java-8-openjdk-amd64/jre/lib/charsets.jar:/usr/lib/jvm/java-8-openjdk-amd64/jre/lib/jfr.jar:/usr/lib/jvm/java-8-openjdk-amd64/jre/classes"/><property name="java.vendor" value="Private Build"/><property name="java.specification.maintenance.version" value="4"/><property name="file.separator" value="/"/><property name="java.vendor.url.bug" value="http://bugreport.sun.com/bugreport/"/><property name="sun.io.unicode.encoding" value="UnicodeLittle"/><property name="sun.cpu.endian" value="little"/><property name="sbt.script" value="/usr/bin/sbt"/><property name="sun.cpu.isalist" value=""/>
    </properties>
          <testcase classname="TestHashTabel" name="HashTable should work" time="2.276">
                      <failure message="io_out_ok=0 (0x0) did not equal expected=1 (0x1) (lines in test.scala: 19)" type="org.scalatest.exceptions.TestFailedException">org.scalatest.exceptions.TestFailedException: io_out_ok=0 (0x0) did not equal expected=1 (0x1) (lines in test.scala: 19)
	at chiseltest.internal.TestEnvInterface.signalExpectFailure(TestEnvInterface.scala:58)
	at chiseltest.internal.TestEnvInterface.signalExpectFailure$(TestEnvInterface.scala:45)
	at TestHashTabel.signalExpectFailure(test.scala:17)
	at chiseltest.package$Utils$.expectFailed(package.scala:505)
	at chiseltest.package$Utils$.expectBits(package.scala:496)
	at chiseltest.package$testableUInt.expectInternal(package.scala:55)
	at chiseltest.package$testableUInt.expect(package.scala:57)
	at TestHashTabel.$anonfun$new$3(test.scala:23)
	at TestHashTabel.$anonfun$new$3$adapted(test.scala:19)
	at chiseltest.internal.GenericBackend.$anonfun$run$1(GenericBackend.scala:151)
	at chiseltest.internal.ThreadedBackend$TesterThread$$anon$1.$anonfun$run$1(ThreadedBackend.scala:495)
	at chiseltest.internal.GenericBackend.doTimescope(GenericBackend.scala:96)
	at chiseltest.internal.ThreadedBackend$TesterThread$$anon$1.run(ThreadedBackend.scala:495)
	at java.lang.Thread.run(Thread.java:750)
Caused by: chiseltest.internal.FailedExpectException: io_out_ok=0 (0x0) did not equal expected=1 (0x1) (lines in test.scala: 19)
	... 14 more
</failure>
                    </testcase>
          <system-out><![CDATA[]]></system-out>
          <system-err><![CDATA[]]></system-err>
        </testsuite>